time="2020-11-19T10:50:30-08:00" level=debug msg="Loading environment from /home/wink/prgs/python/projects/act-failing-python-cache/.env"
time="2020-11-19T10:50:30-08:00" level=debug msg="Loading secrets from "
time="2020-11-19T10:50:30-08:00" level=debug msg="Loading workflows from '/home/wink/prgs/python/projects/act-failing-python-cache/.github/workflows'"
time="2020-11-19T10:50:30-08:00" level=debug msg="Reading workflow '/home/wink/prgs/python/projects/act-failing-python-cache/.github/workflows/python_cache.yml'"
time="2020-11-19T10:50:30-08:00" level=debug msg="Planning event: push"
time="2020-11-19T10:50:30-08:00" level=debug msg="Loading slug from git directory '/home/wink/prgs/python/projects/act-failing-python-cache/.git'"
time="2020-11-19T10:50:30-08:00" level=debug msg="Found revision: ecd0c066620f22e1b0589e543ca27f99ae077527\n"
time="2020-11-19T10:50:30-08:00" level=debug msg="Loading revision from git directory '/home/wink/prgs/python/projects/act-failing-python-cache/.git'"
time="2020-11-19T10:50:30-08:00" level=debug msg="Found revision: ecd0c066620f22e1b0589e543ca27f99ae077527\n"
time="2020-11-19T10:50:30-08:00" level=debug msg="HEAD points to 'ecd0c066620f22e1b0589e543ca27f99ae077527'"
time="2020-11-19T10:50:30-08:00" level=debug msg="HEAD matches refs/heads/main"
time="2020-11-19T10:50:30-08:00" level=debug msg="using github ref: refs/heads/main"
time="2020-11-19T10:50:30-08:00" level=debug msg="WINK: RunContext vmEnv rc.GetEnv=map[ACT:true]"
time="2020-11-19T10:50:30-08:00" level=debug msg="WIHK: RunContext.func:+ vmEnv call ################# vm.Set(\"env\", rc.GetEnv()=map[ACT:true])"
time="2020-11-19T10:50:30-08:00" level=debug msg="WIHK: RunContext.func:- vmEnv"
time="2020-11-19T10:50:30-08:00" level=debug msg="WINK: NewPlanExecutor jobName='python_cache/test' ctx=&context.valueCtx{Context:(*context.cancelCtx)(0xc0003e61c0), key:\"dryrun\", val:false}"
time="2020-11-19T10:50:30-08:00" level=debug msg="WINK: NewPlanExecutor ctx v=&context.valueCtx{Context:(*context.cancelCtx)(0xc0003e61c0), key:\"dryrun\", val:false}"
time="2020-11-19T10:50:30-08:00" level=debug msg="WINK: NewPlanExecutor ctx +v=&context.valueCtx{Context:(*context.cancelCtx)(0xc0003e61c0), key:\"dryrun\", val:false}"
time="2020-11-19T10:50:30-08:00" level=debug msg="WINK: NewPlanExecutor ctx #v=&context.valueCtx{Context:(*context.cancelCtx)(0xc0003e61c0), key:\"dryrun\", val:false}"
[python_cache/test] 🚀  Start image=winksaville/ubuntu-dev:20.04
time="2020-11-19T10:50:30-08:00" level=debug msg="Loading slug from git directory '/home/wink/prgs/python/projects/act-failing-python-cache/.git'"
time="2020-11-19T10:50:30-08:00" level=debug msg="Found revision: ecd0c066620f22e1b0589e543ca27f99ae077527\n"
time="2020-11-19T10:50:30-08:00" level=debug msg="Loading revision from git directory '/home/wink/prgs/python/projects/act-failing-python-cache/.git'"
time="2020-11-19T10:50:30-08:00" level=debug msg="Found revision: ecd0c066620f22e1b0589e543ca27f99ae077527\n"
time="2020-11-19T10:50:30-08:00" level=debug msg="HEAD points to 'ecd0c066620f22e1b0589e543ca27f99ae077527'"
time="2020-11-19T10:50:30-08:00" level=debug msg="HEAD matches refs/heads/main"
time="2020-11-19T10:50:30-08:00" level=debug msg="using github ref: refs/heads/main"
[python_cache/test]   🐳  docker pull winksaville/ubuntu-dev:20.04
time="2020-11-19T10:50:30-08:00" level=debug msg="Image exists? true"
[python_cache/test]   🐳  docker create image=winksaville/ubuntu-dev:20.04 entrypoint=["/usr/bin/tail" "-f" "/dev/null"] cmd=[]
[python_cache/test] Created container name=act-python-cache-test id=aacc4619b633a6c388f55ba4f20d3e438b85c949a97af88cc9ad235875c635eb from image winksaville/ubuntu-dev:20.04
[python_cache/test] ENV ==> [RUNNER_TOOL_CACHE=/opt/hostedtoolcache RUNNER_OS=Linux RUNNER_TEMP=/tmp]
[python_cache/test]   🐳  docker run image=winksaville/ubuntu-dev:20.04 entrypoint=["/usr/bin/tail" "-f" "/dev/null"] cmd=[]
[python_cache/test] Starting container: aacc4619b633a6c388f55ba4f20d3e438b85c949a97af88cc9ad235875c635eb
[python_cache/test] Started container: aacc4619b633a6c388f55ba4f20d3e438b85c949a97af88cc9ad235875c635eb
[python_cache/test]   🐳  docker cp src=/home/wink/prgs/python/projects/act-failing-python-cache/. dst=/github/workspace
[python_cache/test] Exec command '[mkdir -p /github/workspace]'
time="2020-11-19T10:50:30-08:00" level=debug msg="Writing tarball /tmp/act135963772 from /home/wink/prgs/python/projects/act-failing-python-cache/."
time="2020-11-19T10:50:30-08:00" level=debug msg="Stripping prefix:/home/wink/prgs/python/projects/act-failing-python-cache/ src:/home/wink/prgs/python/projects/act-failing-python-cache/."
[python_cache/test] Extracting content from '/tmp/act135963772' to '/github/workspace'
time="2020-11-19T10:50:30-08:00" level=debug msg="Writing entry to tarball workflow/event.json len:2"
time="2020-11-19T10:50:30-08:00" level=debug msg="Writing entry to tarball home/.act len:0"
[python_cache/test] Extracting content to '/github/'
time="2020-11-19T10:50:30-08:00" level=debug msg="WiNK: call sc.setupEnv()(ctx)"
time="2020-11-19T10:50:30-08:00" level=debug msg="WINK: setupEnv rc.GetEnv()=map[ACT:true]"
time="2020-11-19T10:50:30-08:00" level=debug msg="WINK: setupEnv step.GetEnv()=map[]"
time="2020-11-19T10:50:30-08:00" level=debug msg="WINK: setupEnv.func:+ *********************"
time="2020-11-19T10:50:30-08:00" level=debug msg="WINK: setupEnv.func: rc.GetEnv()=map[ACT:true]"
time="2020-11-19T10:50:30-08:00" level=debug msg="WINK: setupEnv.func: step.GetEnv()=map[]"
time="2020-11-19T10:50:30-08:00" level=debug msg="WINK: setupEnv.func mergeMaps 2 rc, step"
time="2020-11-19T10:50:30-08:00" level=debug msg="WINK: setupEnv.func env=map[ACT:true]"
time="2020-11-19T10:50:30-08:00" level=debug msg="WINK: setupEnv.func Interpolate k=ACT v=true env[k]=true"
time="2020-11-19T10:50:30-08:00" level=debug msg="WINK: setupEnv.func Interpolate env[k]=true"
time="2020-11-19T10:50:30-08:00" level=debug msg="Loading slug from git directory '/home/wink/prgs/python/projects/act-failing-python-cache/.git'"
time="2020-11-19T10:50:30-08:00" level=debug msg="Found revision: ecd0c066620f22e1b0589e543ca27f99ae077527\n"
time="2020-11-19T10:50:30-08:00" level=debug msg="Loading revision from git directory '/home/wink/prgs/python/projects/act-failing-python-cache/.git'"
time="2020-11-19T10:50:30-08:00" level=debug msg="Found revision: ecd0c066620f22e1b0589e543ca27f99ae077527\n"
time="2020-11-19T10:50:30-08:00" level=debug msg="HEAD points to 'ecd0c066620f22e1b0589e543ca27f99ae077527'"
time="2020-11-19T10:50:30-08:00" level=debug msg="HEAD matches refs/heads/main"
time="2020-11-19T10:50:30-08:00" level=debug msg="using github ref: refs/heads/main"
time="2020-11-19T10:50:30-08:00" level=debug msg="setupEnv => map[ACT:true CI:true GITHUB_ACTION:0 GITHUB_ACTIONS:true GITHUB_ACTOR:nektos/act GITHUB_EVENT_NAME:push GITHUB_EVENT_PATH:/github/workflow/event.json GITHUB_REF:refs/heads/main GITHUB_REPOSITORY:winksaville/act-failing-python-cache GITHUB_RUN_ID:1 GITHUB_RUN_NUMBER:1 GITHUB_SHA:ecd0c066620f22e1b0589e543ca27f99ae077527 GITHUB_TOKEN: GITHUB_WORKFLOW:python_cache GITHUB_WORKSPACE:/github/workspace HOME:/github/home]"
time="2020-11-19T10:50:30-08:00" level=debug msg="WINK: setupEnv.func:- ******************************"
time="2020-11-19T10:50:30-08:00" level=debug msg="Loading slug from git directory '/home/wink/prgs/python/projects/act-failing-python-cache/.git'"
time="2020-11-19T10:50:30-08:00" level=debug msg="Found revision: ecd0c066620f22e1b0589e543ca27f99ae077527\n"
time="2020-11-19T10:50:30-08:00" level=debug msg="Loading revision from git directory '/home/wink/prgs/python/projects/act-failing-python-cache/.git'"
time="2020-11-19T10:50:30-08:00" level=debug msg="Found revision: ecd0c066620f22e1b0589e543ca27f99ae077527\n"
time="2020-11-19T10:50:30-08:00" level=debug msg="HEAD points to 'ecd0c066620f22e1b0589e543ca27f99ae077527'"
time="2020-11-19T10:50:30-08:00" level=debug msg="HEAD matches refs/heads/main"
time="2020-11-19T10:50:30-08:00" level=debug msg="using github ref: refs/heads/main"
time="2020-11-19T10:50:30-08:00" level=debug msg="WINK: RunContext vmEnv rc.GetEnv=map[ACT:true]"
time="2020-11-19T10:50:30-08:00" level=debug msg="WIHK: RunContext.func:+ vmEnv call ################# vm.Set(\"env\", rc.GetEnv()=map[ACT:true])"
time="2020-11-19T10:50:30-08:00" level=debug msg="WIHK: RunContext.func:- vmEnv"
time="2020-11-19T10:50:30-08:00" level=debug msg="WINK: StepContext vmEnv sc.GetEnv=map[ACT:true CI:true GITHUB_ACTION:0 GITHUB_ACTIONS:true GITHUB_ACTOR:nektos/act GITHUB_EVENT_NAME:push GITHUB_EVENT_PATH:/github/workflow/event.json GITHUB_REF:refs/heads/main GITHUB_REPOSITORY:winksaville/act-failing-python-cache GITHUB_RUN_ID:1 GITHUB_RUN_NUMBER:1 GITHUB_SHA:ecd0c066620f22e1b0589e543ca27f99ae077527 GITHUB_TOKEN: GITHUB_WORKFLOW:python_cache GITHUB_WORKSPACE:/github/workspace HOME:/github/home]"
time="2020-11-19T10:50:30-08:00" level=debug msg="WIHK: StepContext.func:+ vmEnv call !!!!!!!!!!!!!!!!! vm.Set(\"env\", sc.Env=map[ACT:true CI:true GITHUB_ACTION:0 GITHUB_ACTIONS:true GITHUB_ACTOR:nektos/act GITHUB_EVENT_NAME:push GITHUB_EVENT_PATH:/github/workflow/event.json GITHUB_REF:refs/heads/main GITHUB_REPOSITORY:winksaville/act-failing-python-cache GITHUB_RUN_ID:1 GITHUB_RUN_NUMBER:1 GITHUB_SHA:ecd0c066620f22e1b0589e543ca27f99ae077527 GITHUB_TOKEN: GITHUB_WORKFLOW:python_cache GITHUB_WORKSPACE:/github/workspace HOME:/github/home])"
time="2020-11-19T10:50:30-08:00" level=debug msg="WIHK: StepContext.func:- vmEnv"
time="2020-11-19T10:50:30-08:00" level=debug msg="WiNK: done NewExpressionEvaluator()"
time="2020-11-19T10:50:30-08:00" level=debug msg="WINK: newStepExecutor.func:+ Run &{RunContext:python_cache/test Step:step1 Env:map[ACT:true CI:true GITHUB_ACTION:0 GITHUB_ACTIONS:true GITHUB_ACTOR:nektos/act GITHUB_EVENT_NAME:push GITHUB_EVENT_PATH:/github/workflow/event.json GITHUB_REF:refs/heads/main GITHUB_REPOSITORY:winksaville/act-failing-python-cache GITHUB_RUN_ID:1 GITHUB_RUN_NUMBER:1 GITHUB_SHA:ecd0c066620f22e1b0589e543ca27f99ae077527 GITHUB_TOKEN: GITHUB_WORKFLOW:python_cache GITHUB_WORKSPACE:/github/workspace HOME:/github/home] Cmd:[] Action:<nil>}"
[python_cache/test] ⭐  Run step1
time="2020-11-19T10:50:30-08:00" level=debug msg="WINK:+ Executor: sc=&{RunContext:python_cache/test Step:step1 Env:map[ACT:true CI:true GITHUB_ACTION:0 GITHUB_ACTIONS:true GITHUB_ACTOR:nektos/act GITHUB_EVENT_NAME:push GITHUB_EVENT_PATH:/github/workflow/event.json GITHUB_REF:refs/heads/main GITHUB_REPOSITORY:winksaville/act-failing-python-cache GITHUB_RUN_ID:1 GITHUB_RUN_NUMBER:1 GITHUB_SHA:ecd0c066620f22e1b0589e543ca27f99ae077527 GITHUB_TOKEN: GITHUB_WORKFLOW:python_cache GITHUB_WORKSPACE:/github/workspace HOME:/github/home] Cmd:[] Action:<nil>}"
time="2020-11-19T10:50:30-08:00" level=debug msg="Loading slug from git directory '/home/wink/prgs/python/projects/act-failing-python-cache/.git'"
time="2020-11-19T10:50:30-08:00" level=debug msg="Found revision: ecd0c066620f22e1b0589e543ca27f99ae077527\n"
time="2020-11-19T10:50:30-08:00" level=debug msg="Loading revision from git directory '/home/wink/prgs/python/projects/act-failing-python-cache/.git'"
time="2020-11-19T10:50:30-08:00" level=debug msg="Found revision: ecd0c066620f22e1b0589e543ca27f99ae077527\n"
time="2020-11-19T10:50:30-08:00" level=debug msg="HEAD points to 'ecd0c066620f22e1b0589e543ca27f99ae077527'"
time="2020-11-19T10:50:30-08:00" level=debug msg="HEAD matches refs/heads/main"
time="2020-11-19T10:50:30-08:00" level=debug msg="using github ref: refs/heads/main"
time="2020-11-19T10:50:30-08:00" level=debug msg="WINK:- Executor: sc=&{RunContext:python_cache/test Step:step1 Env:map[ACT:true CI:true GITHUB_ACTION:0 GITHUB_ACTIONS:true GITHUB_ACTOR:nektos/act GITHUB_EVENT_NAME:push GITHUB_EVENT_PATH:/github/workflow/event.json GITHUB_REF:refs/heads/main GITHUB_REPOSITORY:winksaville/act-failing-python-cache GITHUB_RUN_ID:1 GITHUB_RUN_NUMBER:1 GITHUB_SHA:ecd0c066620f22e1b0589e543ca27f99ae077527 GITHUB_TOKEN: GITHUB_WORKFLOW:python_cache GITHUB_WORKSPACE:/github/workspace HOME:/github/home] Cmd:[] Action:<nil>}"
[python_cache/test] Skipping actions/checkout
[python_cache/test]   ✅  Success - step1
time="2020-11-19T10:50:30-08:00" level=debug msg="WINK: newStepExecutor.func:- Run sc=&{RunContext:python_cache/test Step:step1 Env:map[ACT:true CI:true GITHUB_ACTION:0 GITHUB_ACTIONS:true GITHUB_ACTOR:nektos/act GITHUB_EVENT_NAME:push GITHUB_EVENT_PATH:/github/workflow/event.json GITHUB_REF:refs/heads/main GITHUB_REPOSITORY:winksaville/act-failing-python-cache GITHUB_RUN_ID:1 GITHUB_RUN_NUMBER:1 GITHUB_SHA:ecd0c066620f22e1b0589e543ca27f99ae077527 GITHUB_TOKEN: GITHUB_WORKFLOW:python_cache GITHUB_WORKSPACE:/github/workspace HOME:/github/home] Cmd:[] Action:<nil>} rc.StepResults=&{Success:true Outputs:map[]} rc.GetEnv=map[ACT:true]"
time="2020-11-19T10:50:30-08:00" level=debug msg="WiNK: call sc.setupEnv()(ctx)"
time="2020-11-19T10:50:30-08:00" level=debug msg="WINK: setupEnv rc.GetEnv()=map[ACT:true]"
time="2020-11-19T10:50:30-08:00" level=debug msg="WINK: setupEnv step.GetEnv()=map[INPUT_PYTHON-VERSION:3.7]"
time="2020-11-19T10:50:30-08:00" level=debug msg="WINK: setupEnv.func:+ *********************"
time="2020-11-19T10:50:30-08:00" level=debug msg="WINK: setupEnv.func: rc.GetEnv()=map[ACT:true]"
time="2020-11-19T10:50:30-08:00" level=debug msg="WINK: setupEnv.func: step.GetEnv()=map[INPUT_PYTHON-VERSION:3.7]"
time="2020-11-19T10:50:30-08:00" level=debug msg="WINK: setupEnv.func mergeMaps 2 rc, step"
time="2020-11-19T10:50:30-08:00" level=debug msg="WINK: setupEnv.func env=map[ACT:true INPUT_PYTHON-VERSION:3.7]"
time="2020-11-19T10:50:30-08:00" level=debug msg="WINK: setupEnv.func Interpolate k=ACT v=true env[k]=true"
time="2020-11-19T10:50:30-08:00" level=debug msg="WINK: setupEnv.func Interpolate env[k]=true"
time="2020-11-19T10:50:30-08:00" level=debug msg="WINK: setupEnv.func Interpolate k=INPUT_PYTHON-VERSION v=3.7 env[k]=3.7"
time="2020-11-19T10:50:30-08:00" level=debug msg="WINK: setupEnv.func Interpolate env[k]=3.7"
time="2020-11-19T10:50:30-08:00" level=debug msg="Loading slug from git directory '/home/wink/prgs/python/projects/act-failing-python-cache/.git'"
time="2020-11-19T10:50:30-08:00" level=debug msg="Found revision: ecd0c066620f22e1b0589e543ca27f99ae077527\n"
time="2020-11-19T10:50:30-08:00" level=debug msg="Loading revision from git directory '/home/wink/prgs/python/projects/act-failing-python-cache/.git'"
time="2020-11-19T10:50:30-08:00" level=debug msg="Found revision: ecd0c066620f22e1b0589e543ca27f99ae077527\n"
time="2020-11-19T10:50:30-08:00" level=debug msg="HEAD points to 'ecd0c066620f22e1b0589e543ca27f99ae077527'"
time="2020-11-19T10:50:30-08:00" level=debug msg="HEAD matches refs/heads/main"
time="2020-11-19T10:50:30-08:00" level=debug msg="using github ref: refs/heads/main"
time="2020-11-19T10:50:30-08:00" level=debug msg="setupEnv => map[ACT:true CI:true GITHUB_ACTION:1 GITHUB_ACTIONS:true GITHUB_ACTOR:nektos/act GITHUB_EVENT_NAME:push GITHUB_EVENT_PATH:/github/workflow/event.json GITHUB_REF:refs/heads/main GITHUB_REPOSITORY:winksaville/act-failing-python-cache GITHUB_RUN_ID:1 GITHUB_RUN_NUMBER:1 GITHUB_SHA:ecd0c066620f22e1b0589e543ca27f99ae077527 GITHUB_TOKEN: GITHUB_WORKFLOW:python_cache GITHUB_WORKSPACE:/github/workspace HOME:/github/home INPUT_PYTHON-VERSION:3.7]"
time="2020-11-19T10:50:30-08:00" level=debug msg="WINK: setupEnv.func:- ******************************"
time="2020-11-19T10:50:30-08:00" level=debug msg="Loading slug from git directory '/home/wink/prgs/python/projects/act-failing-python-cache/.git'"
time="2020-11-19T10:50:30-08:00" level=debug msg="Found revision: ecd0c066620f22e1b0589e543ca27f99ae077527\n"
time="2020-11-19T10:50:30-08:00" level=debug msg="Loading revision from git directory '/home/wink/prgs/python/projects/act-failing-python-cache/.git'"
time="2020-11-19T10:50:30-08:00" level=debug msg="Found revision: ecd0c066620f22e1b0589e543ca27f99ae077527\n"
time="2020-11-19T10:50:30-08:00" level=debug msg="HEAD points to 'ecd0c066620f22e1b0589e543ca27f99ae077527'"
time="2020-11-19T10:50:30-08:00" level=debug msg="HEAD matches refs/heads/main"
time="2020-11-19T10:50:30-08:00" level=debug msg="using github ref: refs/heads/main"
time="2020-11-19T10:50:30-08:00" level=debug msg="WINK: RunContext vmEnv rc.GetEnv=map[ACT:true]"
time="2020-11-19T10:50:30-08:00" level=debug msg="WIHK: RunContext.func:+ vmEnv call ################# vm.Set(\"env\", rc.GetEnv()=map[ACT:true])"
time="2020-11-19T10:50:30-08:00" level=debug msg="WIHK: RunContext.func:- vmEnv"
time="2020-11-19T10:50:30-08:00" level=debug msg="WINK: StepContext vmEnv sc.GetEnv=map[ACT:true CI:true GITHUB_ACTION:1 GITHUB_ACTIONS:true GITHUB_ACTOR:nektos/act GITHUB_EVENT_NAME:push GITHUB_EVENT_PATH:/github/workflow/event.json GITHUB_REF:refs/heads/main GITHUB_REPOSITORY:winksaville/act-failing-python-cache GITHUB_RUN_ID:1 GITHUB_RUN_NUMBER:1 GITHUB_SHA:ecd0c066620f22e1b0589e543ca27f99ae077527 GITHUB_TOKEN: GITHUB_WORKFLOW:python_cache GITHUB_WORKSPACE:/github/workspace HOME:/github/home INPUT_PYTHON-VERSION:3.7]"
time="2020-11-19T10:50:30-08:00" level=debug msg="WIHK: StepContext.func:+ vmEnv call !!!!!!!!!!!!!!!!! vm.Set(\"env\", sc.Env=map[ACT:true CI:true GITHUB_ACTION:1 GITHUB_ACTIONS:true GITHUB_ACTOR:nektos/act GITHUB_EVENT_NAME:push GITHUB_EVENT_PATH:/github/workflow/event.json GITHUB_REF:refs/heads/main GITHUB_REPOSITORY:winksaville/act-failing-python-cache GITHUB_RUN_ID:1 GITHUB_RUN_NUMBER:1 GITHUB_SHA:ecd0c066620f22e1b0589e543ca27f99ae077527 GITHUB_TOKEN: GITHUB_WORKFLOW:python_cache GITHUB_WORKSPACE:/github/workspace HOME:/github/home INPUT_PYTHON-VERSION:3.7])"
time="2020-11-19T10:50:30-08:00" level=debug msg="WIHK: StepContext.func:- vmEnv"
time="2020-11-19T10:50:30-08:00" level=debug msg="WiNK: done NewExpressionEvaluator()"
time="2020-11-19T10:50:30-08:00" level=debug msg="WINK: newStepExecutor.func:+ Run &{RunContext:python_cache/test Step:step2 Env:map[ACT:true CI:true GITHUB_ACTION:1 GITHUB_ACTIONS:true GITHUB_ACTOR:nektos/act GITHUB_EVENT_NAME:push GITHUB_EVENT_PATH:/github/workflow/event.json GITHUB_REF:refs/heads/main GITHUB_REPOSITORY:winksaville/act-failing-python-cache GITHUB_RUN_ID:1 GITHUB_RUN_NUMBER:1 GITHUB_SHA:ecd0c066620f22e1b0589e543ca27f99ae077527 GITHUB_TOKEN: GITHUB_WORKFLOW:python_cache GITHUB_WORKSPACE:/github/workspace HOME:/github/home INPUT_PYTHON-VERSION:3.7] Cmd:[] Action:<nil>}"
[python_cache/test] ⭐  Run step2
time="2020-11-19T10:50:30-08:00" level=debug msg="WINK:+ Executor: sc=&{RunContext:python_cache/test Step:step2 Env:map[ACT:true CI:true GITHUB_ACTION:1 GITHUB_ACTIONS:true GITHUB_ACTOR:nektos/act GITHUB_EVENT_NAME:push GITHUB_EVENT_PATH:/github/workflow/event.json GITHUB_REF:refs/heads/main GITHUB_REPOSITORY:winksaville/act-failing-python-cache GITHUB_RUN_ID:1 GITHUB_RUN_NUMBER:1 GITHUB_SHA:ecd0c066620f22e1b0589e543ca27f99ae077527 GITHUB_TOKEN: GITHUB_WORKFLOW:python_cache GITHUB_WORKSPACE:/github/workspace HOME:/github/home INPUT_PYTHON-VERSION:3.7] Cmd:[] Action:<nil>}"
time="2020-11-19T10:50:30-08:00" level=debug msg="WINK: setupAction: sc=&{RunContext:python_cache/test Step:step2 Env:map[ACT:true CI:true GITHUB_ACTION:1 GITHUB_ACTIONS:true GITHUB_ACTOR:nektos/act GITHUB_EVENT_NAME:push GITHUB_EVENT_PATH:/github/workflow/event.json GITHUB_REF:refs/heads/main GITHUB_REPOSITORY:winksaville/act-failing-python-cache GITHUB_RUN_ID:1 GITHUB_RUN_NUMBER:1 GITHUB_SHA:ecd0c066620f22e1b0589e543ca27f99ae077527 GITHUB_TOKEN: GITHUB_WORKFLOW:python_cache GITHUB_WORKSPACE:/github/workspace HOME:/github/home INPUT_PYTHON-VERSION:3.7] Cmd:[] Action:<nil>} actionDir=/home/wink/.cache/act/actions-setup-python@v2 actionPath="
time="2020-11-19T10:50:30-08:00" level=debug msg="WINK: runAction: sc=&{RunContext:python_cache/test Step:step2 Env:map[ACT:true CI:true GITHUB_ACTION:1 GITHUB_ACTIONS:true GITHUB_ACTOR:nektos/act GITHUB_EVENT_NAME:push GITHUB_EVENT_PATH:/github/workflow/event.json GITHUB_REF:refs/heads/main GITHUB_REPOSITORY:winksaville/act-failing-python-cache GITHUB_RUN_ID:1 GITHUB_RUN_NUMBER:1 GITHUB_SHA:ecd0c066620f22e1b0589e543ca27f99ae077527 GITHUB_TOKEN: GITHUB_WORKFLOW:python_cache GITHUB_WORKSPACE:/github/workspace HOME:/github/home INPUT_PYTHON-VERSION:3.7] Cmd:[] Action:<nil>}"
time="2020-11-19T10:50:30-08:00" level=debug msg="WINK:- Executor: sc=&{RunContext:python_cache/test Step:step2 Env:map[ACT:true CI:true GITHUB_ACTION:1 GITHUB_ACTIONS:true GITHUB_ACTOR:nektos/act GITHUB_EVENT_NAME:push GITHUB_EVENT_PATH:/github/workflow/event.json GITHUB_REF:refs/heads/main GITHUB_REPOSITORY:winksaville/act-failing-python-cache GITHUB_RUN_ID:1 GITHUB_RUN_NUMBER:1 GITHUB_SHA:ecd0c066620f22e1b0589e543ca27f99ae077527 GITHUB_TOKEN: GITHUB_WORKFLOW:python_cache GITHUB_WORKSPACE:/github/workspace HOME:/github/home INPUT_PYTHON-VERSION:3.7] Cmd:[] Action:<nil>}"
[python_cache/test]   ☁  git clone 'https://github.com/actions/setup-python' # ref=v2
[python_cache/test]   cloning https://github.com/actions/setup-python to /home/wink/.cache/act/actions-setup-python@v2
[python_cache/test] Cloned https://github.com/actions/setup-python to /home/wink/.cache/act/actions-setup-python@v2
[python_cache/test] Checked out v2
time="2020-11-19T10:50:31-08:00" level=debug msg="Read action &{Setup Python GitHub Set up a specific version of Python and add the command-line tools to the PATH. map[architecture:{The target architecture (x86, x64) of the Python interpreter. false } python-version:{Version range or exact version of a Python version to use, using SemVer's version range syntax. false 3.x} token:{Used to pull python distributions from actions/python-versions. Since there's a default, this is typically not supplied by the user. false ${{ github.token }}}] map[python-version:{The installed python version. Useful when given a version range as input.}] {node12 map[] dist/index.js  [] []} {yellow code}} from '/home/wink/.cache/act/actions-setup-python@v2/action.yml'"
time="2020-11-19T10:50:31-08:00" level=debug msg="About to run action &{Setup Python GitHub Set up a specific version of Python and add the command-line tools to the PATH. map[architecture:{The target architecture (x86, x64) of the Python interpreter. false } python-version:{Version range or exact version of a Python version to use, using SemVer's version range syntax. false 3.x} token:{Used to pull python distributions from actions/python-versions. Since there's a default, this is typically not supplied by the user. false ${{ github.token }}}] map[python-version:{The installed python version. Useful when given a version range as input.}] {node12 map[] dist/index.js  [] []} {yellow code}}"
time="2020-11-19T10:50:31-08:00" level=debug msg="Evaluating 'github['token']' instead of 'github.token'"
time="2020-11-19T10:50:31-08:00" level=debug msg="WINK: Evaluated ret: 'github['token']' val=''"
time="2020-11-19T10:50:31-08:00" level=debug msg="type=3 actionDir=/home/wink/.cache/act/actions-setup-python@v2 actionPath= Workdir=/home/wink/prgs/python/projects/act-failing-python-cache ActionCacheDir=/home/wink/.cache/act actionName=actions-setup-python@v2 containerActionDir=/actions"
time="2020-11-19T10:50:31-08:00" level=debug msg="Removing /home/wink/.cache/act/actions-setup-python@v2/.gitignore before docker cp"
[python_cache/test]   🐳  docker cp src=/home/wink/.cache/act/actions-setup-python@v2 dst=/actions/
[python_cache/test] Exec command '[mkdir -p /actions/]'
time="2020-11-19T10:50:31-08:00" level=debug msg="Writing tarball /tmp/act773798315 from /home/wink/.cache/act/actions-setup-python@v2"
time="2020-11-19T10:50:31-08:00" level=debug msg="Stripping prefix:/home/wink/.cache/act/ src:/home/wink/.cache/act/actions-setup-python@v2"
[python_cache/test] Extracting content from '/tmp/act773798315' to '/actions/'
time="2020-11-19T10:50:31-08:00" level=debug msg="executing remote job container: [node /actions/actions-setup-python@v2/dist/index.js]"
[python_cache/test] Exec command '[node /actions/actions-setup-python@v2/dist/index.js]'
[python_cache/test]   💬  ::debug::Semantic version spec of 3.7 is 3.7
[python_cache/test]   💬  ::debug::isExplicit: 
[python_cache/test]   💬  ::debug::explicit? false
[python_cache/test]   💬  ::debug::evaluating 0 versions
[python_cache/test]   💬  ::debug::match not found
[python_cache/test]   | Version 3.7 was not found in the local cache
[python_cache/test]   💬  ::debug::check 3.10.0-alpha.2 satisfies 3.7
[python_cache/test]   💬  ::debug::check 3.10.0-alpha.1 satisfies 3.7
[python_cache/test]   💬  ::debug::check 3.9.0 satisfies 3.7
[python_cache/test]   💬  ::debug::check 3.9.0-rc.2 satisfies 3.7
[python_cache/test]   💬  ::debug::check 3.9.0-rc.1 satisfies 3.7
[python_cache/test]   💬  ::debug::check 3.9.0-beta.5 satisfies 3.7
[python_cache/test]   💬  ::debug::check 3.9.0-beta.4 satisfies 3.7
[python_cache/test]   💬  ::debug::check 3.8.6 satisfies 3.7
[python_cache/test]   💬  ::debug::check 3.8.5 satisfies 3.7
[python_cache/test]   💬  ::debug::check 3.8.4 satisfies 3.7
[python_cache/test]   💬  ::debug::check 3.8.3 satisfies 3.7
[python_cache/test]   💬  ::debug::check 3.8.2 satisfies 3.7
[python_cache/test]   💬  ::debug::check 3.8.1 satisfies 3.7
[python_cache/test]   💬  ::debug::check 3.8.0 satisfies 3.7
[python_cache/test]   💬  ::debug::check 3.7.9 satisfies 3.7
[python_cache/test]   💬  ::debug::x64===x64 && darwin===linux
[python_cache/test]   💬  ::debug::x64===x64 && linux===linux
[python_cache/test]   💬  ::debug::x64===x64 && linux===linux
[python_cache/test]   💬  ::debug::x64===x64 && linux===linux
[python_cache/test]   💬  ::debug::matched 3.7.9
[python_cache/test]   | Version 3.7 is available for downloading
[python_cache/test]   | Download from "https://github.com/actions/python-versions/releases/download/3.7.9-86953/python-3.7.9-linux-20.04-x64.tar.gz"
[python_cache/test]   💬  ::debug::Downloading https://github.com/actions/python-versions/releases/download/3.7.9-86953/python-3.7.9-linux-20.04-x64.tar.gz
[python_cache/test]   💬  ::debug::Destination /tmp/bac761b7-4ed9-4e15-a8ec-91f3832d1b14
[python_cache/test]   💬  ::debug::download complete
[python_cache/test]   | Extract downloaded archive
[python_cache/test]   💬  ::debug::Checking tar --version
[python_cache/test]   💬  ::debug::tar (GNU tar) 1.30%0ACopyright (C) 2017 Free Software Foundation, Inc.%0ALicense GPLv3+: GNU GPL version 3 or later <https://gnu.org/licenses/gpl.html>.%0AThis is free software: you are free to change and redistribute it.%0AThere is NO WARRANTY, to the extent permitted by law.%0A%0AWritten by John Gilmore and Jay Fenlason.
[python_cache/test]   | [command]/usr/bin/tar xz --warning=no-unknown-keyword -C /tmp/6ae78877-1a8c-463a-a74e-36501e564936 -f /tmp/bac761b7-4ed9-4e15-a8ec-91f3832d1b14
[python_cache/test]   | Execute installation script
[python_cache/test]   | Check if Python hostedtoolcache folder exist...
[python_cache/test]   | Creating Python hostedtoolcache folder...
[python_cache/test]   | Create Python 3.7.9 folder
[python_cache/test]   | Copy Python binaries to hostedtoolcache folder
[python_cache/test]   | Create additional symlinks (Required for the UsePythonVersion Azure Pipelines task and the setup-python GitHub Action)
[python_cache/test]   | Upgrading PIP...
[python_cache/test]   | Looking in links: /tmp/tmphk1l3tfv
[python_cache/test]   | Requirement already satisfied: setuptools in /opt/hostedtoolcache/Python/3.7.9/x64/lib/python3.7/site-packages (47.1.0)
[python_cache/test]   | Requirement already satisfied: pip in /opt/hostedtoolcache/Python/3.7.9/x64/lib/python3.7/site-packages (20.1.1)
[python_cache/test]   | Collecting pip
[python_cache/test]   | Downloading pip-20.2.4-py2.py3-none-any.whl (1.5 MB)
[python_cache/test]   | Installing collected packages: pip
[python_cache/test]   | Successfully installed pip-20.2.4
[python_cache/test]   | Create complete file
[python_cache/test]   💬  ::debug::isExplicit: 
[python_cache/test]   💬  ::debug::explicit? false
[python_cache/test]   💬  ::debug::isExplicit: 3.7.9
[python_cache/test]   💬  ::debug::explicit? true
[python_cache/test]   💬  ::debug::evaluating 1 versions
[python_cache/test]   💬  ::debug::matched: 3.7.9
[python_cache/test]   💬  ::debug::checking cache: /opt/hostedtoolcache/Python/3.7.9/x64
[python_cache/test]   💬  ::debug::Found tool in cache Python 3.7.9 x64
[python_cache/test]   ⚙  ::set-env:: pythonLocation=/opt/hostedtoolcache/Python/3.7.9/x64
[python_cache/test]   ⚙  ::set-env:: LD_LIBRARY_PATH=/opt/hostedtoolcache/Python/3.7.9/x64/lib
[python_cache/test]   ⚙  ::add-path:: /opt/hostedtoolcache/Python/3.7.9/x64
[python_cache/test]   ⚙  ::add-path:: /opt/hostedtoolcache/Python/3.7.9/x64/bin
[python_cache/test]   ⚙  ::set-output:: python-version=3.7.9
[python_cache/test]   | Successfully setup CPython (3.7.9)
[python_cache/test]   ❓  ##[add-matcher]/actions/actions-setup-python@v2/.github/python.json
[python_cache/test]   ✅  Success - step2
time="2020-11-19T10:50:40-08:00" level=debug msg="WINK: newStepExecutor.func:- Run sc=&{RunContext:python_cache/test Step:step2 Env:map[ACT:true CI:true GITHUB_ACTION:1 GITHUB_ACTIONS:true GITHUB_ACTOR:nektos/act GITHUB_EVENT_NAME:push GITHUB_EVENT_PATH:/github/workflow/event.json GITHUB_REF:refs/heads/main GITHUB_REPOSITORY:winksaville/act-failing-python-cache GITHUB_RUN_ID:1 GITHUB_RUN_NUMBER:1 GITHUB_SHA:ecd0c066620f22e1b0589e543ca27f99ae077527 GITHUB_TOKEN: GITHUB_WORKFLOW:python_cache GITHUB_WORKSPACE:/github/workspace HOME:/github/home INPUT_ARCHITECTURE: INPUT_PYTHON-VERSION:3.7 INPUT_TOKEN:] Cmd:[] Action:0xc0002581a0} rc.StepResults=&{Success:true Outputs:map[python-version:3.7.9]} rc.GetEnv=map[ACT:true LD_LIBRARY_PATH:/opt/hostedtoolcache/Python/3.7.9/x64/lib pythonLocation:/opt/hostedtoolcache/Python/3.7.9/x64]"
time="2020-11-19T10:50:40-08:00" level=debug msg="WiNK: call sc.setupEnv()(ctx)"
time="2020-11-19T10:50:40-08:00" level=debug msg="WINK: setupEnv rc.GetEnv()=map[ACT:true LD_LIBRARY_PATH:/opt/hostedtoolcache/Python/3.7.9/x64/lib pythonLocation:/opt/hostedtoolcache/Python/3.7.9/x64]"
time="2020-11-19T10:50:40-08:00" level=debug msg="WINK: setupEnv step.GetEnv()=map[INPUT_KEY:${{ runner.os }}-python-${{ env.pythonLocation }} INPUT_PATH:${{ env.pythonLocation }}]"
time="2020-11-19T10:50:40-08:00" level=debug msg="WINK: setupEnv.func:+ *********************"
time="2020-11-19T10:50:40-08:00" level=debug msg="WINK: setupEnv.func: rc.GetEnv()=map[ACT:true LD_LIBRARY_PATH:/opt/hostedtoolcache/Python/3.7.9/x64/lib pythonLocation:/opt/hostedtoolcache/Python/3.7.9/x64]"
time="2020-11-19T10:50:40-08:00" level=debug msg="WINK: setupEnv.func: step.GetEnv()=map[INPUT_KEY:${{ runner.os }}-python-${{ env.pythonLocation }} INPUT_PATH:${{ env.pythonLocation }}]"
time="2020-11-19T10:50:40-08:00" level=debug msg="WINK: setupEnv.func mergeMaps 2 rc, step"
time="2020-11-19T10:50:40-08:00" level=debug msg="WINK: setupEnv.func prepend ExtraPath=[/opt/hostedtoolcache/Python/3.7.9/x64 /opt/hostedtoolcache/Python/3.7.9/x64/bin]"
time="2020-11-19T10:50:40-08:00" level=debug msg="WINK: setupEnv.func env=map[ACT:true INPUT_KEY:${{ runner.os }}-python-${{ env.pythonLocation }} INPUT_PATH:${{ env.pythonLocation }} LD_LIBRARY_PATH:/opt/hostedtoolcache/Python/3.7.9/x64/lib PATH:/opt/hostedtoolcache/Python/3.7.9/x64:/opt/hostedtoolcache/Python/3.7.9/x64/bin:./node_modules/.bin:/home/wink/.cargo/bin:/home/wink/go/bin:/home/wink/.pub-cache/bin:/home/wink/prgs/flutter/flutter/bin:/home/wink/.cargo/bin:/home/wink/go/bin:/home/wink/.npm-globalX/bin:/home/wink/Android/Sdk/emulator:/home/wink/Android/Sdk/platform-tools:/home/wink/Android/Sdk/tools/bin:/home/wink/Android/Sdk/tools:/home/wink/bin:/home/wink/.cargo/bin:/opt/miniconda3/condabin:/usr/local/bin:/usr/bin:/bin:/usr/local/sbin:/opt/cuda/bin:/opt/cuda/integration/nsight-compute:/opt/cuda/integration/nsight-systems:/usr/lib/jvm/default/bin:/usr/bin/site_perl:/usr/bin/vendor_perl:/usr/bin/core_perl pythonLocation:/opt/hostedtoolcache/Python/3.7.9/x64]"
time="2020-11-19T10:50:40-08:00" level=debug msg="WINK: setupEnv.func Interpolate k=ACT v=true env[k]=true"
time="2020-11-19T10:50:40-08:00" level=debug msg="WINK: setupEnv.func Interpolate env[k]=true"
time="2020-11-19T10:50:40-08:00" level=debug msg="WINK: setupEnv.func Interpolate k=pythonLocation v=/opt/hostedtoolcache/Python/3.7.9/x64 env[k]=/opt/hostedtoolcache/Python/3.7.9/x64"
time="2020-11-19T10:50:40-08:00" level=debug msg="WINK: setupEnv.func Interpolate env[k]=/opt/hostedtoolcache/Python/3.7.9/x64"
time="2020-11-19T10:50:40-08:00" level=debug msg="WINK: setupEnv.func Interpolate k=LD_LIBRARY_PATH v=/opt/hostedtoolcache/Python/3.7.9/x64/lib env[k]=/opt/hostedtoolcache/Python/3.7.9/x64/lib"
time="2020-11-19T10:50:40-08:00" level=debug msg="WINK: setupEnv.func Interpolate env[k]=/opt/hostedtoolcache/Python/3.7.9/x64/lib"
time="2020-11-19T10:50:40-08:00" level=debug msg="WINK: setupEnv.func Interpolate k=INPUT_PATH v=${{ env.pythonLocation }} env[k]=${{ env.pythonLocation }}"
time="2020-11-19T10:50:40-08:00" level=debug msg="Evaluating 'env['pythonLocation']' instead of 'env.pythonLocation'"
time="2020-11-19T10:50:40-08:00" level=debug msg="WINK: Evaluated val=undefined ret: val=\"\", false, err='<nil>'"
time="2020-11-19T10:50:40-08:00" level=debug msg="WINK: setupEnv.func Interpolate env[k]="
time="2020-11-19T10:50:40-08:00" level=debug msg="WINK: setupEnv.func Interpolate k=INPUT_KEY v=${{ runner.os }}-python-${{ env.pythonLocation }} env[k]=${{ runner.os }}-python-${{ env.pythonLocation }}"
time="2020-11-19T10:50:40-08:00" level=debug msg="Evaluating 'runner['os']' instead of 'runner.os'"
time="2020-11-19T10:50:40-08:00" level=debug msg="WINK: Evaluated ret: 'runner['os']' val='Linux'"
time="2020-11-19T10:50:40-08:00" level=debug msg="Evaluating 'env['pythonLocation']' instead of 'env.pythonLocation'"
time="2020-11-19T10:50:40-08:00" level=debug msg="WINK: Evaluated val=undefined ret: val=\"\", false, err='<nil>'"
time="2020-11-19T10:50:40-08:00" level=debug msg="WINK: setupEnv.func Interpolate env[k]=Linux-python-"
time="2020-11-19T10:50:40-08:00" level=debug msg="WINK: setupEnv.func Interpolate k=PATH v=/opt/hostedtoolcache/Python/3.7.9/x64:/opt/hostedtoolcache/Python/3.7.9/x64/bin:./node_modules/.bin:/home/wink/.cargo/bin:/home/wink/go/bin:/home/wink/.pub-cache/bin:/home/wink/prgs/flutter/flutter/bin:/home/wink/.cargo/bin:/home/wink/go/bin:/home/wink/.npm-globalX/bin:/home/wink/Android/Sdk/emulator:/home/wink/Android/Sdk/platform-tools:/home/wink/Android/Sdk/tools/bin:/home/wink/Android/Sdk/tools:/home/wink/bin:/home/wink/.cargo/bin:/opt/miniconda3/condabin:/usr/local/bin:/usr/bin:/bin:/usr/local/sbin:/opt/cuda/bin:/opt/cuda/integration/nsight-compute:/opt/cuda/integration/nsight-systems:/usr/lib/jvm/default/bin:/usr/bin/site_perl:/usr/bin/vendor_perl:/usr/bin/core_perl env[k]=/opt/hostedtoolcache/Python/3.7.9/x64:/opt/hostedtoolcache/Python/3.7.9/x64/bin:./node_modules/.bin:/home/wink/.cargo/bin:/home/wink/go/bin:/home/wink/.pub-cache/bin:/home/wink/prgs/flutter/flutter/bin:/home/wink/.cargo/bin:/home/wink/go/bin:/home/wink/.npm-globalX/bin:/home/wink/Android/Sdk/emulator:/home/wink/Android/Sdk/platform-tools:/home/wink/Android/Sdk/tools/bin:/home/wink/Android/Sdk/tools:/home/wink/bin:/home/wink/.cargo/bin:/opt/miniconda3/condabin:/usr/local/bin:/usr/bin:/bin:/usr/local/sbin:/opt/cuda/bin:/opt/cuda/integration/nsight-compute:/opt/cuda/integration/nsight-systems:/usr/lib/jvm/default/bin:/usr/bin/site_perl:/usr/bin/vendor_perl:/usr/bin/core_perl"
time="2020-11-19T10:50:40-08:00" level=debug msg="WINK: setupEnv.func Interpolate env[k]=/opt/hostedtoolcache/Python/3.7.9/x64:/opt/hostedtoolcache/Python/3.7.9/x64/bin:./node_modules/.bin:/home/wink/.cargo/bin:/home/wink/go/bin:/home/wink/.pub-cache/bin:/home/wink/prgs/flutter/flutter/bin:/home/wink/.cargo/bin:/home/wink/go/bin:/home/wink/.npm-globalX/bin:/home/wink/Android/Sdk/emulator:/home/wink/Android/Sdk/platform-tools:/home/wink/Android/Sdk/tools/bin:/home/wink/Android/Sdk/tools:/home/wink/bin:/home/wink/.cargo/bin:/opt/miniconda3/condabin:/usr/local/bin:/usr/bin:/bin:/usr/local/sbin:/opt/cuda/bin:/opt/cuda/integration/nsight-compute:/opt/cuda/integration/nsight-systems:/usr/lib/jvm/default/bin:/usr/bin/site_perl:/usr/bin/vendor_perl:/usr/bin/core_perl"
time="2020-11-19T10:50:40-08:00" level=debug msg="Loading slug from git directory '/home/wink/prgs/python/projects/act-failing-python-cache/.git'"
time="2020-11-19T10:50:40-08:00" level=debug msg="Found revision: ecd0c066620f22e1b0589e543ca27f99ae077527\n"
time="2020-11-19T10:50:40-08:00" level=debug msg="Loading revision from git directory '/home/wink/prgs/python/projects/act-failing-python-cache/.git'"
time="2020-11-19T10:50:40-08:00" level=debug msg="Found revision: ecd0c066620f22e1b0589e543ca27f99ae077527\n"
time="2020-11-19T10:50:40-08:00" level=debug msg="HEAD points to 'ecd0c066620f22e1b0589e543ca27f99ae077527'"
time="2020-11-19T10:50:40-08:00" level=debug msg="HEAD matches refs/heads/main"
time="2020-11-19T10:50:40-08:00" level=debug msg="using github ref: refs/heads/main"
time="2020-11-19T10:50:40-08:00" level=debug msg="setupEnv => map[ACT:true CI:true GITHUB_ACTION:python-cache GITHUB_ACTIONS:true GITHUB_ACTOR:nektos/act GITHUB_EVENT_NAME:push GITHUB_EVENT_PATH:/github/workflow/event.json GITHUB_REF:refs/heads/main GITHUB_REPOSITORY:winksaville/act-failing-python-cache GITHUB_RUN_ID:1 GITHUB_RUN_NUMBER:1 GITHUB_SHA:ecd0c066620f22e1b0589e543ca27f99ae077527 GITHUB_TOKEN: GITHUB_WORKFLOW:python_cache GITHUB_WORKSPACE:/github/workspace HOME:/github/home INPUT_KEY:Linux-python- INPUT_PATH: LD_LIBRARY_PATH:/opt/hostedtoolcache/Python/3.7.9/x64/lib PATH:/opt/hostedtoolcache/Python/3.7.9/x64:/opt/hostedtoolcache/Python/3.7.9/x64/bin:./node_modules/.bin:/home/wink/.cargo/bin:/home/wink/go/bin:/home/wink/.pub-cache/bin:/home/wink/prgs/flutter/flutter/bin:/home/wink/.cargo/bin:/home/wink/go/bin:/home/wink/.npm-globalX/bin:/home/wink/Android/Sdk/emulator:/home/wink/Android/Sdk/platform-tools:/home/wink/Android/Sdk/tools/bin:/home/wink/Android/Sdk/tools:/home/wink/bin:/home/wink/.cargo/bin:/opt/miniconda3/condabin:/usr/local/bin:/usr/bin:/bin:/usr/local/sbin:/opt/cuda/bin:/opt/cuda/integration/nsight-compute:/opt/cuda/integration/nsight-systems:/usr/lib/jvm/default/bin:/usr/bin/site_perl:/usr/bin/vendor_perl:/usr/bin/core_perl pythonLocation:/opt/hostedtoolcache/Python/3.7.9/x64]"
time="2020-11-19T10:50:40-08:00" level=debug msg="WINK: setupEnv.func:- ******************************"
time="2020-11-19T10:50:40-08:00" level=debug msg="Loading slug from git directory '/home/wink/prgs/python/projects/act-failing-python-cache/.git'"
time="2020-11-19T10:50:40-08:00" level=debug msg="Found revision: ecd0c066620f22e1b0589e543ca27f99ae077527\n"
time="2020-11-19T10:50:40-08:00" level=debug msg="Loading revision from git directory '/home/wink/prgs/python/projects/act-failing-python-cache/.git'"
time="2020-11-19T10:50:40-08:00" level=debug msg="Found revision: ecd0c066620f22e1b0589e543ca27f99ae077527\n"
time="2020-11-19T10:50:40-08:00" level=debug msg="HEAD points to 'ecd0c066620f22e1b0589e543ca27f99ae077527'"
time="2020-11-19T10:50:40-08:00" level=debug msg="HEAD matches refs/heads/main"
time="2020-11-19T10:50:40-08:00" level=debug msg="using github ref: refs/heads/main"
time="2020-11-19T10:50:40-08:00" level=debug msg="WINK: RunContext vmEnv rc.GetEnv=map[ACT:true LD_LIBRARY_PATH:/opt/hostedtoolcache/Python/3.7.9/x64/lib pythonLocation:/opt/hostedtoolcache/Python/3.7.9/x64]"
time="2020-11-19T10:50:40-08:00" level=debug msg="WIHK: RunContext.func:+ vmEnv call ################# vm.Set(\"env\", rc.GetEnv()=map[ACT:true LD_LIBRARY_PATH:/opt/hostedtoolcache/Python/3.7.9/x64/lib pythonLocation:/opt/hostedtoolcache/Python/3.7.9/x64])"
time="2020-11-19T10:50:40-08:00" level=debug msg="WIHK: RunContext.func:- vmEnv"
time="2020-11-19T10:50:40-08:00" level=debug msg="WINK: StepContext vmEnv sc.GetEnv=map[ACT:true CI:true GITHUB_ACTION:python-cache GITHUB_ACTIONS:true GITHUB_ACTOR:nektos/act GITHUB_EVENT_NAME:push GITHUB_EVENT_PATH:/github/workflow/event.json GITHUB_REF:refs/heads/main GITHUB_REPOSITORY:winksaville/act-failing-python-cache GITHUB_RUN_ID:1 GITHUB_RUN_NUMBER:1 GITHUB_SHA:ecd0c066620f22e1b0589e543ca27f99ae077527 GITHUB_TOKEN: GITHUB_WORKFLOW:python_cache GITHUB_WORKSPACE:/github/workspace HOME:/github/home INPUT_KEY:Linux-python- INPUT_PATH: LD_LIBRARY_PATH:/opt/hostedtoolcache/Python/3.7.9/x64/lib PATH:/opt/hostedtoolcache/Python/3.7.9/x64:/opt/hostedtoolcache/Python/3.7.9/x64/bin:./node_modules/.bin:/home/wink/.cargo/bin:/home/wink/go/bin:/home/wink/.pub-cache/bin:/home/wink/prgs/flutter/flutter/bin:/home/wink/.cargo/bin:/home/wink/go/bin:/home/wink/.npm-globalX/bin:/home/wink/Android/Sdk/emulator:/home/wink/Android/Sdk/platform-tools:/home/wink/Android/Sdk/tools/bin:/home/wink/Android/Sdk/tools:/home/wink/bin:/home/wink/.cargo/bin:/opt/miniconda3/condabin:/usr/local/bin:/usr/bin:/bin:/usr/local/sbin:/opt/cuda/bin:/opt/cuda/integration/nsight-compute:/opt/cuda/integration/nsight-systems:/usr/lib/jvm/default/bin:/usr/bin/site_perl:/usr/bin/vendor_perl:/usr/bin/core_perl pythonLocation:/opt/hostedtoolcache/Python/3.7.9/x64]"
time="2020-11-19T10:50:40-08:00" level=debug msg="WIHK: StepContext.func:+ vmEnv call !!!!!!!!!!!!!!!!! vm.Set(\"env\", sc.Env=map[ACT:true CI:true GITHUB_ACTION:python-cache GITHUB_ACTIONS:true GITHUB_ACTOR:nektos/act GITHUB_EVENT_NAME:push GITHUB_EVENT_PATH:/github/workflow/event.json GITHUB_REF:refs/heads/main GITHUB_REPOSITORY:winksaville/act-failing-python-cache GITHUB_RUN_ID:1 GITHUB_RUN_NUMBER:1 GITHUB_SHA:ecd0c066620f22e1b0589e543ca27f99ae077527 GITHUB_TOKEN: GITHUB_WORKFLOW:python_cache GITHUB_WORKSPACE:/github/workspace HOME:/github/home INPUT_KEY:Linux-python- INPUT_PATH: LD_LIBRARY_PATH:/opt/hostedtoolcache/Python/3.7.9/x64/lib PATH:/opt/hostedtoolcache/Python/3.7.9/x64:/opt/hostedtoolcache/Python/3.7.9/x64/bin:./node_modules/.bin:/home/wink/.cargo/bin:/home/wink/go/bin:/home/wink/.pub-cache/bin:/home/wink/prgs/flutter/flutter/bin:/home/wink/.cargo/bin:/home/wink/go/bin:/home/wink/.npm-globalX/bin:/home/wink/Android/Sdk/emulator:/home/wink/Android/Sdk/platform-tools:/home/wink/Android/Sdk/tools/bin:/home/wink/Android/Sdk/tools:/home/wink/bin:/home/wink/.cargo/bin:/opt/miniconda3/condabin:/usr/local/bin:/usr/bin:/bin:/usr/local/sbin:/opt/cuda/bin:/opt/cuda/integration/nsight-compute:/opt/cuda/integration/nsight-systems:/usr/lib/jvm/default/bin:/usr/bin/site_perl:/usr/bin/vendor_perl:/usr/bin/core_perl pythonLocation:/opt/hostedtoolcache/Python/3.7.9/x64])"
time="2020-11-19T10:50:40-08:00" level=debug msg="WIHK: StepContext.func:- vmEnv"
time="2020-11-19T10:50:40-08:00" level=debug msg="WiNK: done NewExpressionEvaluator()"
time="2020-11-19T10:50:40-08:00" level=debug msg="WINK: newStepExecutor.func:+ Run &{RunContext:python_cache/test Step:step3 Env:map[ACT:true CI:true GITHUB_ACTION:python-cache GITHUB_ACTIONS:true GITHUB_ACTOR:nektos/act GITHUB_EVENT_NAME:push GITHUB_EVENT_PATH:/github/workflow/event.json GITHUB_REF:refs/heads/main GITHUB_REPOSITORY:winksaville/act-failing-python-cache GITHUB_RUN_ID:1 GITHUB_RUN_NUMBER:1 GITHUB_SHA:ecd0c066620f22e1b0589e543ca27f99ae077527 GITHUB_TOKEN: GITHUB_WORKFLOW:python_cache GITHUB_WORKSPACE:/github/workspace HOME:/github/home INPUT_KEY:Linux-python- INPUT_PATH: LD_LIBRARY_PATH:/opt/hostedtoolcache/Python/3.7.9/x64/lib PATH:/opt/hostedtoolcache/Python/3.7.9/x64:/opt/hostedtoolcache/Python/3.7.9/x64/bin:./node_modules/.bin:/home/wink/.cargo/bin:/home/wink/go/bin:/home/wink/.pub-cache/bin:/home/wink/prgs/flutter/flutter/bin:/home/wink/.cargo/bin:/home/wink/go/bin:/home/wink/.npm-globalX/bin:/home/wink/Android/Sdk/emulator:/home/wink/Android/Sdk/platform-tools:/home/wink/Android/Sdk/tools/bin:/home/wink/Android/Sdk/tools:/home/wink/bin:/home/wink/.cargo/bin:/opt/miniconda3/condabin:/usr/local/bin:/usr/bin:/bin:/usr/local/sbin:/opt/cuda/bin:/opt/cuda/integration/nsight-compute:/opt/cuda/integration/nsight-systems:/usr/lib/jvm/default/bin:/usr/bin/site_perl:/usr/bin/vendor_perl:/usr/bin/core_perl pythonLocation:/opt/hostedtoolcache/Python/3.7.9/x64] Cmd:[] Action:<nil>}"
[python_cache/test] ⭐  Run step3
time="2020-11-19T10:50:40-08:00" level=debug msg="WINK:+ Executor: sc=&{RunContext:python_cache/test Step:step3 Env:map[ACT:true CI:true GITHUB_ACTION:python-cache GITHUB_ACTIONS:true GITHUB_ACTOR:nektos/act GITHUB_EVENT_NAME:push GITHUB_EVENT_PATH:/github/workflow/event.json GITHUB_REF:refs/heads/main GITHUB_REPOSITORY:winksaville/act-failing-python-cache GITHUB_RUN_ID:1 GITHUB_RUN_NUMBER:1 GITHUB_SHA:ecd0c066620f22e1b0589e543ca27f99ae077527 GITHUB_TOKEN: GITHUB_WORKFLOW:python_cache GITHUB_WORKSPACE:/github/workspace HOME:/github/home INPUT_KEY:Linux-python- INPUT_PATH: LD_LIBRARY_PATH:/opt/hostedtoolcache/Python/3.7.9/x64/lib PATH:/opt/hostedtoolcache/Python/3.7.9/x64:/opt/hostedtoolcache/Python/3.7.9/x64/bin:./node_modules/.bin:/home/wink/.cargo/bin:/home/wink/go/bin:/home/wink/.pub-cache/bin:/home/wink/prgs/flutter/flutter/bin:/home/wink/.cargo/bin:/home/wink/go/bin:/home/wink/.npm-globalX/bin:/home/wink/Android/Sdk/emulator:/home/wink/Android/Sdk/platform-tools:/home/wink/Android/Sdk/tools/bin:/home/wink/Android/Sdk/tools:/home/wink/bin:/home/wink/.cargo/bin:/opt/miniconda3/condabin:/usr/local/bin:/usr/bin:/bin:/usr/local/sbin:/opt/cuda/bin:/opt/cuda/integration/nsight-compute:/opt/cuda/integration/nsight-systems:/usr/lib/jvm/default/bin:/usr/bin/site_perl:/usr/bin/vendor_perl:/usr/bin/core_perl pythonLocation:/opt/hostedtoolcache/Python/3.7.9/x64] Cmd:[] Action:<nil>}"
time="2020-11-19T10:50:40-08:00" level=debug msg="WINK: setupAction: sc=&{RunContext:python_cache/test Step:step3 Env:map[ACT:true CI:true GITHUB_ACTION:python-cache GITHUB_ACTIONS:true GITHUB_ACTOR:nektos/act GITHUB_EVENT_NAME:push GITHUB_EVENT_PATH:/github/workflow/event.json GITHUB_REF:refs/heads/main GITHUB_REPOSITORY:winksaville/act-failing-python-cache GITHUB_RUN_ID:1 GITHUB_RUN_NUMBER:1 GITHUB_SHA:ecd0c066620f22e1b0589e543ca27f99ae077527 GITHUB_TOKEN: GITHUB_WORKFLOW:python_cache GITHUB_WORKSPACE:/github/workspace HOME:/github/home INPUT_KEY:Linux-python- INPUT_PATH: LD_LIBRARY_PATH:/opt/hostedtoolcache/Python/3.7.9/x64/lib PATH:/opt/hostedtoolcache/Python/3.7.9/x64:/opt/hostedtoolcache/Python/3.7.9/x64/bin:./node_modules/.bin:/home/wink/.cargo/bin:/home/wink/go/bin:/home/wink/.pub-cache/bin:/home/wink/prgs/flutter/flutter/bin:/home/wink/.cargo/bin:/home/wink/go/bin:/home/wink/.npm-globalX/bin:/home/wink/Android/Sdk/emulator:/home/wink/Android/Sdk/platform-tools:/home/wink/Android/Sdk/tools/bin:/home/wink/Android/Sdk/tools:/home/wink/bin:/home/wink/.cargo/bin:/opt/miniconda3/condabin:/usr/local/bin:/usr/bin:/bin:/usr/local/sbin:/opt/cuda/bin:/opt/cuda/integration/nsight-compute:/opt/cuda/integration/nsight-systems:/usr/lib/jvm/default/bin:/usr/bin/site_perl:/usr/bin/vendor_perl:/usr/bin/core_perl pythonLocation:/opt/hostedtoolcache/Python/3.7.9/x64] Cmd:[] Action:<nil>} actionDir=/home/wink/.cache/act/actions-cache@v2 actionPath="
time="2020-11-19T10:50:40-08:00" level=debug msg="WINK: runAction: sc=&{RunContext:python_cache/test Step:step3 Env:map[ACT:true CI:true GITHUB_ACTION:python-cache GITHUB_ACTIONS:true GITHUB_ACTOR:nektos/act GITHUB_EVENT_NAME:push GITHUB_EVENT_PATH:/github/workflow/event.json GITHUB_REF:refs/heads/main GITHUB_REPOSITORY:winksaville/act-failing-python-cache GITHUB_RUN_ID:1 GITHUB_RUN_NUMBER:1 GITHUB_SHA:ecd0c066620f22e1b0589e543ca27f99ae077527 GITHUB_TOKEN: GITHUB_WORKFLOW:python_cache GITHUB_WORKSPACE:/github/workspace HOME:/github/home INPUT_KEY:Linux-python- INPUT_PATH: LD_LIBRARY_PATH:/opt/hostedtoolcache/Python/3.7.9/x64/lib PATH:/opt/hostedtoolcache/Python/3.7.9/x64:/opt/hostedtoolcache/Python/3.7.9/x64/bin:./node_modules/.bin:/home/wink/.cargo/bin:/home/wink/go/bin:/home/wink/.pub-cache/bin:/home/wink/prgs/flutter/flutter/bin:/home/wink/.cargo/bin:/home/wink/go/bin:/home/wink/.npm-globalX/bin:/home/wink/Android/Sdk/emulator:/home/wink/Android/Sdk/platform-tools:/home/wink/Android/Sdk/tools/bin:/home/wink/Android/Sdk/tools:/home/wink/bin:/home/wink/.cargo/bin:/opt/miniconda3/condabin:/usr/local/bin:/usr/bin:/bin:/usr/local/sbin:/opt/cuda/bin:/opt/cuda/integration/nsight-compute:/opt/cuda/integration/nsight-systems:/usr/lib/jvm/default/bin:/usr/bin/site_perl:/usr/bin/vendor_perl:/usr/bin/core_perl pythonLocation:/opt/hostedtoolcache/Python/3.7.9/x64] Cmd:[] Action:<nil>}"
time="2020-11-19T10:50:40-08:00" level=debug msg="WINK:- Executor: sc=&{RunContext:python_cache/test Step:step3 Env:map[ACT:true CI:true GITHUB_ACTION:python-cache GITHUB_ACTIONS:true GITHUB_ACTOR:nektos/act GITHUB_EVENT_NAME:push GITHUB_EVENT_PATH:/github/workflow/event.json GITHUB_REF:refs/heads/main GITHUB_REPOSITORY:winksaville/act-failing-python-cache GITHUB_RUN_ID:1 GITHUB_RUN_NUMBER:1 GITHUB_SHA:ecd0c066620f22e1b0589e543ca27f99ae077527 GITHUB_TOKEN: GITHUB_WORKFLOW:python_cache GITHUB_WORKSPACE:/github/workspace HOME:/github/home INPUT_KEY:Linux-python- INPUT_PATH: LD_LIBRARY_PATH:/opt/hostedtoolcache/Python/3.7.9/x64/lib PATH:/opt/hostedtoolcache/Python/3.7.9/x64:/opt/hostedtoolcache/Python/3.7.9/x64/bin:./node_modules/.bin:/home/wink/.cargo/bin:/home/wink/go/bin:/home/wink/.pub-cache/bin:/home/wink/prgs/flutter/flutter/bin:/home/wink/.cargo/bin:/home/wink/go/bin:/home/wink/.npm-globalX/bin:/home/wink/Android/Sdk/emulator:/home/wink/Android/Sdk/platform-tools:/home/wink/Android/Sdk/tools/bin:/home/wink/Android/Sdk/tools:/home/wink/bin:/home/wink/.cargo/bin:/opt/miniconda3/condabin:/usr/local/bin:/usr/bin:/bin:/usr/local/sbin:/opt/cuda/bin:/opt/cuda/integration/nsight-compute:/opt/cuda/integration/nsight-systems:/usr/lib/jvm/default/bin:/usr/bin/site_perl:/usr/bin/vendor_perl:/usr/bin/core_perl pythonLocation:/opt/hostedtoolcache/Python/3.7.9/x64] Cmd:[] Action:<nil>}"
[python_cache/test]   ☁  git clone 'https://github.com/actions/cache' # ref=v2
[python_cache/test]   cloning https://github.com/actions/cache to /home/wink/.cache/act/actions-cache@v2
[python_cache/test] Cloned https://github.com/actions/cache to /home/wink/.cache/act/actions-cache@v2
[python_cache/test] Checked out v2
time="2020-11-19T10:50:41-08:00" level=debug msg="Read action &{Cache GitHub Cache artifacts like dependencies and build outputs to improve workflow execution time map[key:{An explicit key for restoring and saving the cache true } path:{A list of files, directories, and wildcard patterns to cache and restore true } restore-keys:{An ordered list of keys to use for restoring the cache if no cache hit occurred for key false } upload-chunk-size:{The chunk size used to split up large files during upload, in bytes false }] map[cache-hit:{A boolean value to indicate an exact match was found for the primary key}] {node12 map[] dist/restore/index.js  [] []} {gray-dark archive}} from '/home/wink/.cache/act/actions-cache@v2/action.yml'"
time="2020-11-19T10:50:41-08:00" level=debug msg="About to run action &{Cache GitHub Cache artifacts like dependencies and build outputs to improve workflow execution time map[key:{An explicit key for restoring and saving the cache true } path:{A list of files, directories, and wildcard patterns to cache and restore true } restore-keys:{An ordered list of keys to use for restoring the cache if no cache hit occurred for key false } upload-chunk-size:{The chunk size used to split up large files during upload, in bytes false }] map[cache-hit:{A boolean value to indicate an exact match was found for the primary key}] {node12 map[] dist/restore/index.js  [] []} {gray-dark archive}}"
time="2020-11-19T10:50:41-08:00" level=debug msg="type=3 actionDir=/home/wink/.cache/act/actions-cache@v2 actionPath= Workdir=/home/wink/prgs/python/projects/act-failing-python-cache ActionCacheDir=/home/wink/.cache/act actionName=actions-cache@v2 containerActionDir=/actions"
time="2020-11-19T10:50:41-08:00" level=debug msg="Removing /home/wink/.cache/act/actions-cache@v2/.gitignore before docker cp"
[python_cache/test]   🐳  docker cp src=/home/wink/.cache/act/actions-cache@v2 dst=/actions/
[python_cache/test] Exec command '[mkdir -p /actions/]'
time="2020-11-19T10:50:41-08:00" level=debug msg="Writing tarball /tmp/act796684046 from /home/wink/.cache/act/actions-cache@v2"
time="2020-11-19T10:50:41-08:00" level=debug msg="Stripping prefix:/home/wink/.cache/act/ src:/home/wink/.cache/act/actions-cache@v2"
[python_cache/test] Extracting content from '/tmp/act796684046' to '/actions/'
time="2020-11-19T10:50:41-08:00" level=debug msg="executing remote job container: [node /actions/actions-cache@v2/dist/restore/index.js]"
[python_cache/test] Exec command '[node /actions/actions-cache@v2/dist/restore/index.js]'
[python_cache/test]   ❓  ::save-state name=CACHE_KEY::Linux-python-
[python_cache/test]   ❗  ::error::Input required and not supplied: path
[python_cache/test]   | (node:67) [DEP0091] DeprecationWarning: crypto.DEFAULT_ENCODING is deprecated.
[python_cache/test]   | (node:67) [DEP0010] DeprecationWarning: crypto.createCredentials is deprecated. Use tls.createSecureContext instead.
[python_cache/test]   | (node:67) [DEP0011] DeprecationWarning: crypto.Credentials is deprecated. Use tls.SecureContext instead.
[python_cache/test]   ❌  Failure - step3
time="2020-11-19T10:50:42-08:00" level=debug msg="WINK: newStepExecutor.func:- Run sc=&{RunContext:python_cache/test Step:step3 Env:map[ACT:true CI:true GITHUB_ACTION:python-cache GITHUB_ACTIONS:true GITHUB_ACTOR:nektos/act GITHUB_EVENT_NAME:push GITHUB_EVENT_PATH:/github/workflow/event.json GITHUB_REF:refs/heads/main GITHUB_REPOSITORY:winksaville/act-failing-python-cache GITHUB_RUN_ID:1 GITHUB_RUN_NUMBER:1 GITHUB_SHA:ecd0c066620f22e1b0589e543ca27f99ae077527 GITHUB_TOKEN: GITHUB_WORKFLOW:python_cache GITHUB_WORKSPACE:/github/workspace HOME:/github/home INPUT_KEY:Linux-python- INPUT_PATH: INPUT_RESTORE-KEYS: INPUT_UPLOAD-CHUNK-SIZE: LD_LIBRARY_PATH:/opt/hostedtoolcache/Python/3.7.9/x64/lib PATH:/opt/hostedtoolcache/Python/3.7.9/x64:/opt/hostedtoolcache/Python/3.7.9/x64/bin:./node_modules/.bin:/home/wink/.cargo/bin:/home/wink/go/bin:/home/wink/.pub-cache/bin:/home/wink/prgs/flutter/flutter/bin:/home/wink/.cargo/bin:/home/wink/go/bin:/home/wink/.npm-globalX/bin:/home/wink/Android/Sdk/emulator:/home/wink/Android/Sdk/platform-tools:/home/wink/Android/Sdk/tools/bin:/home/wink/Android/Sdk/tools:/home/wink/bin:/home/wink/.cargo/bin:/opt/miniconda3/condabin:/usr/local/bin:/usr/bin:/bin:/usr/local/sbin:/opt/cuda/bin:/opt/cuda/integration/nsight-compute:/opt/cuda/integration/nsight-systems:/usr/lib/jvm/default/bin:/usr/bin/site_perl:/usr/bin/vendor_perl:/usr/bin/core_perl pythonLocation:/opt/hostedtoolcache/Python/3.7.9/x64] Cmd:[] Action:0xc0002591e0} rc.StepResults=&{Success:false Outputs:map[]} rc.GetEnv=map[ACT:true LD_LIBRARY_PATH:/opt/hostedtoolcache/Python/3.7.9/x64/lib pythonLocation:/opt/hostedtoolcache/Python/3.7.9/x64]"
time="2020-11-19T10:50:42-08:00" level=debug msg="exit with `FAILURE`: 1"
time="2020-11-19T10:50:42-08:00" level=debug msg="exit with `FAILURE`: 1"
Error: exit with `FAILURE`: 1
